Analysis & Synthesis report for c16
Sun Sep 28 14:20:34 2014
Quartus II 32-bit Version 13.1.0 Build 162 10/23/2013 SJ Web Edition


---------------------
; Table of Contents ;
---------------------
  1. Legal Notice
  2. Analysis & Synthesis Summary
  3. Analysis & Synthesis Settings
  4. Parallel Compilation
  5. Analysis & Synthesis Source Files Read
  6. Analysis & Synthesis Resource Usage Summary
  7. Analysis & Synthesis Resource Utilization by Entity
  8. Analysis & Synthesis RAM Summary
  9. Analysis & Synthesis IP Cores Summary
 10. State Machine - |c16|cur_state
 11. State Machine - |c16|wb_op
 12. State Machine - |c16|x_op
 13. State Machine - |c16|m_op
 14. Registers Removed During Synthesis
 15. Removed Registers Triggering Further Register Optimizations
 16. General Register Statistics
 17. Source assignments for ram:comb_4|altsyncram:altsyncram_component|altsyncram_2em1:auto_generated
 18. Parameter Settings for User Entity Instance: Top-level Entity: |c16
 19. Parameter Settings for User Entity Instance: ram:comb_4|altsyncram:altsyncram_component
 20. Parameter Settings for User Entity Instance: sign_extend_16:comb_19
 21. Parameter Settings for User Entity Instance: sign_extend_16:comb_20
 22. altsyncram Parameter Settings by Entity Instance
 23. Port Connectivity Checks: "sign_extend_16:comb_20"
 24. Port Connectivity Checks: "sign_extend_16:comb_19"
 25. Port Connectivity Checks: "ram:comb_4"
 26. Elapsed Time Per Partition
 27. Analysis & Synthesis Messages



----------------
; Legal Notice ;
----------------
Copyright (C) 1991-2013 Altera Corporation
Your use of Altera Corporation's design tools, logic functions 
and other software and tools, and its AMPP partner logic 
functions, and any output files from any of the foregoing 
(including device programming or simulation files), and any 
associated documentation or information are expressly subject 
to the terms and conditions of the Altera Program License 
Subscription Agreement, Altera MegaCore Function License 
Agreement, or other applicable license agreement, including, 
without limitation, that your use is for the sole purpose of 
programming logic devices manufactured by Altera and sold by 
Altera or its authorized distributors.  Please refer to the 
applicable agreement for further details.



+------------------------------------------------------------------------------+
; Analysis & Synthesis Summary                                                 ;
+---------------------------------+--------------------------------------------+
; Analysis & Synthesis Status     ; Successful - Sun Sep 28 14:20:34 2014      ;
; Quartus II 32-bit Version       ; 13.1.0 Build 162 10/23/2013 SJ Web Edition ;
; Revision Name                   ; c16                                        ;
; Top-level Entity Name           ; c16                                        ;
; Family                          ; Cyclone V                                  ;
; Logic utilization (in ALMs)     ; N/A                                        ;
; Total registers                 ; 18                                         ;
; Total pins                      ; 61                                         ;
; Total virtual pins              ; 0                                          ;
; Total block memory bits         ; 32                                         ;
; Total DSP Blocks                ; 0                                          ;
; Total HSSI RX PCSs              ; 0                                          ;
; Total HSSI PMA RX Deserializers ; 0                                          ;
; Total HSSI TX PCSs              ; 0                                          ;
; Total HSSI TX Channels          ; 0                                          ;
; Total PLLs                      ; 0                                          ;
; Total DLLs                      ; 0                                          ;
+---------------------------------+--------------------------------------------+


+---------------------------------------------------------------------------------------------------------------------------+
; Analysis & Synthesis Settings                                                                                             ;
+---------------------------------------------------------------------------------+--------------------+--------------------+
; Option                                                                          ; Setting            ; Default Value      ;
+---------------------------------------------------------------------------------+--------------------+--------------------+
; Device                                                                          ; 5CGXFC5C6F27C7     ;                    ;
; Top-level entity name                                                           ; c16                ; c16                ;
; Family name                                                                     ; Cyclone V          ; Cyclone IV GX      ;
; Use smart compilation                                                           ; Off                ; Off                ;
; Enable parallel Assembler and TimeQuest Timing Analyzer during compilation      ; On                 ; On                 ;
; Enable compact report table                                                     ; Off                ; Off                ;
; Restructure Multiplexers                                                        ; Auto               ; Auto               ;
; MLAB Add Timing Constraints For Mixed-Port Feed-Through Mode Setting Don't Care ; Off                ; Off                ;
; Create Debugging Nodes for IP Cores                                             ; Off                ; Off                ;
; Preserve fewer node names                                                       ; On                 ; On                 ;
; Disable OpenCore Plus hardware evaluation                                       ; Off                ; Off                ;
; Verilog Version                                                                 ; Verilog_2001       ; Verilog_2001       ;
; VHDL Version                                                                    ; VHDL_1993          ; VHDL_1993          ;
; State Machine Processing                                                        ; Auto               ; Auto               ;
; Safe State Machine                                                              ; Off                ; Off                ;
; Extract Verilog State Machines                                                  ; On                 ; On                 ;
; Extract VHDL State Machines                                                     ; On                 ; On                 ;
; Ignore Verilog initial constructs                                               ; Off                ; Off                ;
; Iteration limit for constant Verilog loops                                      ; 5000               ; 5000               ;
; Iteration limit for non-constant Verilog loops                                  ; 250                ; 250                ;
; Add Pass-Through Logic to Inferred RAMs                                         ; On                 ; On                 ;
; Infer RAMs from Raw Logic                                                       ; On                 ; On                 ;
; Parallel Synthesis                                                              ; On                 ; On                 ;
; DSP Block Balancing                                                             ; Auto               ; Auto               ;
; NOT Gate Push-Back                                                              ; On                 ; On                 ;
; Power-Up Don't Care                                                             ; On                 ; On                 ;
; Remove Redundant Logic Cells                                                    ; Off                ; Off                ;
; Remove Duplicate Registers                                                      ; On                 ; On                 ;
; Ignore CARRY Buffers                                                            ; Off                ; Off                ;
; Ignore CASCADE Buffers                                                          ; Off                ; Off                ;
; Ignore GLOBAL Buffers                                                           ; Off                ; Off                ;
; Ignore ROW GLOBAL Buffers                                                       ; Off                ; Off                ;
; Ignore LCELL Buffers                                                            ; Off                ; Off                ;
; Ignore SOFT Buffers                                                             ; On                 ; On                 ;
; Limit AHDL Integers to 32 Bits                                                  ; Off                ; Off                ;
; Optimization Technique                                                          ; Balanced           ; Balanced           ;
; Carry Chain Length                                                              ; 70                 ; 70                 ;
; Auto Carry Chains                                                               ; On                 ; On                 ;
; Auto Open-Drain Pins                                                            ; On                 ; On                 ;
; Perform WYSIWYG Primitive Resynthesis                                           ; Off                ; Off                ;
; Auto ROM Replacement                                                            ; On                 ; On                 ;
; Auto RAM Replacement                                                            ; On                 ; On                 ;
; Auto DSP Block Replacement                                                      ; On                 ; On                 ;
; Auto Shift Register Replacement                                                 ; Auto               ; Auto               ;
; Allow Shift Register Merging across Hierarchies                                 ; Auto               ; Auto               ;
; Auto Clock Enable Replacement                                                   ; On                 ; On                 ;
; Strict RAM Replacement                                                          ; Off                ; Off                ;
; Allow Synchronous Control Signals                                               ; On                 ; On                 ;
; Force Use of Synchronous Clear Signals                                          ; Off                ; Off                ;
; Auto Resource Sharing                                                           ; Off                ; Off                ;
; Allow Any RAM Size For Recognition                                              ; Off                ; Off                ;
; Allow Any ROM Size For Recognition                                              ; Off                ; Off                ;
; Allow Any Shift Register Size For Recognition                                   ; Off                ; Off                ;
; Use LogicLock Constraints during Resource Balancing                             ; On                 ; On                 ;
; Ignore translate_off and synthesis_off directives                               ; Off                ; Off                ;
; Timing-Driven Synthesis                                                         ; On                 ; On                 ;
; Report Parameter Settings                                                       ; On                 ; On                 ;
; Report Source Assignments                                                       ; On                 ; On                 ;
; Report Connectivity Checks                                                      ; On                 ; On                 ;
; Ignore Maximum Fan-Out Assignments                                              ; Off                ; Off                ;
; Synchronization Register Chain Length                                           ; 3                  ; 3                  ;
; PowerPlay Power Optimization                                                    ; Normal compilation ; Normal compilation ;
; HDL message level                                                               ; Level2             ; Level2             ;
; Suppress Register Optimization Related Messages                                 ; Off                ; Off                ;
; Number of Removed Registers Reported in Synthesis Report                        ; 5000               ; 5000               ;
; Number of Swept Nodes Reported in Synthesis Report                              ; 5000               ; 5000               ;
; Number of Inverted Registers Reported in Synthesis Report                       ; 100                ; 100                ;
; Clock MUX Protection                                                            ; On                 ; On                 ;
; Auto Gated Clock Conversion                                                     ; Off                ; Off                ;
; Block Design Naming                                                             ; Auto               ; Auto               ;
; SDC constraint protection                                                       ; Off                ; Off                ;
; Synthesis Effort                                                                ; Auto               ; Auto               ;
; Shift Register Replacement - Allow Asynchronous Clear Signal                    ; On                 ; On                 ;
; Pre-Mapping Resynthesis Optimization                                            ; Off                ; Off                ;
; Analysis & Synthesis Message Level                                              ; Medium             ; Medium             ;
; Disable Register Merging Across Hierarchies                                     ; Auto               ; Auto               ;
; Resource Aware Inference For Block RAM                                          ; On                 ; On                 ;
; Synthesis Seed                                                                  ; 1                  ; 1                  ;
; Automatic Parallel Synthesis                                                    ; On                 ; On                 ;
+---------------------------------------------------------------------------------+--------------------+--------------------+


Parallel compilation was disabled, but you have multiple processors available. Enable parallel compilation to reduce compilation time.
+-------------------------------------+
; Parallel Compilation                ;
+----------------------------+--------+
; Processors                 ; Number ;
+----------------------------+--------+
; Number detected on machine ; 4      ;
; Maximum allowed            ; 1      ;
+----------------------------+--------+


+-----------------------------------------------------------------------------------------------------------------------------------------------------------------------------------+
; Analysis & Synthesis Source Files Read                                                                                                                                            ;
+----------------------------------+-----------------+----------------------------------------+---------------------------------------------------------------------------+---------+
; File Name with User-Entered Path ; Used in Netlist ; File Type                              ; File Name with Absolute Path                                              ; Library ;
+----------------------------------+-----------------+----------------------------------------+---------------------------------------------------------------------------+---------+
; ram.v                            ; yes             ; User Wizard-Generated File             ; C:/Users/labuser/Desktop/350p2-master/350p2-master/ram.v                  ;         ;
; c16.v                            ; yes             ; Auto-Found Verilog HDL File            ; C:/Users/labuser/Desktop/350p2-master/350p2-master/c16.v                  ;         ;
; altsyncram.tdf                   ; yes             ; Megafunction                           ; c:/altera/13.1/quartus/libraries/megafunctions/altsyncram.tdf             ;         ;
; stratix_ram_block.inc            ; yes             ; Megafunction                           ; c:/altera/13.1/quartus/libraries/megafunctions/stratix_ram_block.inc      ;         ;
; lpm_mux.inc                      ; yes             ; Megafunction                           ; c:/altera/13.1/quartus/libraries/megafunctions/lpm_mux.inc                ;         ;
; lpm_decode.inc                   ; yes             ; Megafunction                           ; c:/altera/13.1/quartus/libraries/megafunctions/lpm_decode.inc             ;         ;
; aglobal131.inc                   ; yes             ; Megafunction                           ; c:/altera/13.1/quartus/libraries/megafunctions/aglobal131.inc             ;         ;
; a_rdenreg.inc                    ; yes             ; Megafunction                           ; c:/altera/13.1/quartus/libraries/megafunctions/a_rdenreg.inc              ;         ;
; altrom.inc                       ; yes             ; Megafunction                           ; c:/altera/13.1/quartus/libraries/megafunctions/altrom.inc                 ;         ;
; altram.inc                       ; yes             ; Megafunction                           ; c:/altera/13.1/quartus/libraries/megafunctions/altram.inc                 ;         ;
; altdpram.inc                     ; yes             ; Megafunction                           ; c:/altera/13.1/quartus/libraries/megafunctions/altdpram.inc               ;         ;
; db/altsyncram_2em1.tdf           ; yes             ; Auto-Generated Megafunction            ; C:/Users/labuser/Desktop/350p2-master/350p2-master/db/altsyncram_2em1.tdf ;         ;
; mem.mif                          ; yes             ; Auto-Found Memory Initialization File  ; C:/Users/labuser/Desktop/350p2-master/350p2-master/mem.mif                ;         ;
+----------------------------------+-----------------+----------------------------------------+---------------------------------------------------------------------------+---------+


+------------------------------------------------------------+
; Analysis & Synthesis Resource Usage Summary                ;
+---------------------------------------------+--------------+
; Resource                                    ; Usage        ;
+---------------------------------------------+--------------+
; Estimate of Logic utilization (ALMs needed) ; 26           ;
;                                             ;              ;
; Combinational ALUT usage for logic          ; 45           ;
;     -- 7 input functions                    ; 0            ;
;     -- 6 input functions                    ; 0            ;
;     -- 5 input functions                    ; 0            ;
;     -- 4 input functions                    ; 28           ;
;     -- <=3 input functions                  ; 17           ;
;                                             ;              ;
; Dedicated logic registers                   ; 18           ;
;                                             ;              ;
; I/O pins                                    ; 61           ;
; Total MLAB memory bits                      ; 0            ;
; Total block memory bits                     ; 32           ;
; Total DSP Blocks                            ; 0            ;
; Maximum fan-out node                        ; KEY[0]~input ;
; Maximum fan-out                             ; 34           ;
; Total fan-out                               ; 317          ;
; Average fan-out                             ; 1.58         ;
+---------------------------------------------+--------------+


+-------------------------------------------------------------------------------------------------------------------------------------------------------------------------------------------------------------------------------------+
; Analysis & Synthesis Resource Utilization by Entity                                                                                                                                                                                 ;
+-------------------------------------------+-------------------+--------------+-------------------+------------+------+--------------+--------------------------------------------------------------------------------+--------------+
; Compilation Hierarchy Node                ; LC Combinationals ; LC Registers ; Block Memory Bits ; DSP Blocks ; Pins ; Virtual Pins ; Full Hierarchy Name                                                            ; Library Name ;
+-------------------------------------------+-------------------+--------------+-------------------+------------+------+--------------+--------------------------------------------------------------------------------+--------------+
; |c16                                      ; 45 (17)           ; 18 (18)      ; 32                ; 0          ; 61   ; 0            ; |c16                                                                           ; work         ;
;    |display:comb_477|                     ; 7 (7)             ; 0 (0)        ; 0                 ; 0          ; 0    ; 0            ; |c16|display:comb_477                                                          ; work         ;
;    |display:comb_478|                     ; 7 (7)             ; 0 (0)        ; 0                 ; 0          ; 0    ; 0            ; |c16|display:comb_478                                                          ; work         ;
;    |display:comb_479|                     ; 7 (7)             ; 0 (0)        ; 0                 ; 0          ; 0    ; 0            ; |c16|display:comb_479                                                          ; work         ;
;    |display:comb_480|                     ; 7 (7)             ; 0 (0)        ; 0                 ; 0          ; 0    ; 0            ; |c16|display:comb_480                                                          ; work         ;
;    |ram:comb_4|                           ; 0 (0)             ; 0 (0)        ; 32                ; 0          ; 0    ; 0            ; |c16|ram:comb_4                                                                ; work         ;
;       |altsyncram:altsyncram_component|   ; 0 (0)             ; 0 (0)        ; 32                ; 0          ; 0    ; 0            ; |c16|ram:comb_4|altsyncram:altsyncram_component                                ; work         ;
;          |altsyncram_2em1:auto_generated| ; 0 (0)             ; 0 (0)        ; 32                ; 0          ; 0    ; 0            ; |c16|ram:comb_4|altsyncram:altsyncram_component|altsyncram_2em1:auto_generated ; work         ;
+-------------------------------------------+-------------------+--------------+-------------------+------------+------+--------------+--------------------------------------------------------------------------------+--------------+
Note: For table entries with two numbers listed, the numbers in parentheses indicate the number of resources of the given type used by the specific entity alone. The numbers listed outside of parentheses indicate the total resources of the given type used by the specific entity and all of its sub-entities in the hierarchy.


+-----------------------------------------------------------------------------------------------------------------------------------------------------------------------------------------+
; Analysis & Synthesis RAM Summary                                                                                                                                                        ;
+--------------------------------------------------------------------------------------+------+-------------+--------------+--------------+--------------+--------------+-------+---------+
; Name                                                                                 ; Type ; Mode        ; Port A Depth ; Port A Width ; Port B Depth ; Port B Width ; Size  ; MIF     ;
+--------------------------------------------------------------------------------------+------+-------------+--------------+--------------+--------------+--------------+-------+---------+
; ram:comb_4|altsyncram:altsyncram_component|altsyncram_2em1:auto_generated|ALTSYNCRAM ; AUTO ; Single Port ; 1024         ; 16           ; --           ; --           ; 16384 ; mem.mif ;
+--------------------------------------------------------------------------------------+------+-------------+--------------+--------------+--------------+--------------+-------+---------+


+--------------------------------------------------------------------------------------------------------------------------------------------+
; Analysis & Synthesis IP Cores Summary                                                                                                      ;
+--------+--------------+---------+--------------+--------------+-----------------+----------------------------------------------------------+
; Vendor ; IP Core Name ; Version ; Release Date ; License Type ; Entity Instance ; IP Include File                                          ;
+--------+--------------+---------+--------------+--------------+-----------------+----------------------------------------------------------+
; Altera ; RAM: 1-PORT  ; 13.1    ; N/A          ; N/A          ; |c16|ram:comb_4 ; C:/Users/labuser/Desktop/350p2-master/350p2-master/ram.v ;
+--------+--------------+---------+--------------+--------------+-----------------+----------------------------------------------------------+


Encoding Type:  One-Hot
+-------------------------------------------------------------------------------------------------+
; State Machine - |c16|cur_state                                                                  ;
+-------------+-------------+-------------+-------------+-------------+-------------+-------------+
; Name        ; cur_state.W ; cur_state.M ; cur_state.X ; cur_state.D ; cur_state.F ; cur_state.I ;
+-------------+-------------+-------------+-------------+-------------+-------------+-------------+
; cur_state.I ; 0           ; 0           ; 0           ; 0           ; 0           ; 0           ;
; cur_state.F ; 0           ; 0           ; 0           ; 0           ; 1           ; 1           ;
; cur_state.D ; 0           ; 0           ; 0           ; 1           ; 0           ; 1           ;
; cur_state.X ; 0           ; 0           ; 1           ; 0           ; 0           ; 1           ;
; cur_state.M ; 0           ; 1           ; 0           ; 0           ; 0           ; 1           ;
; cur_state.W ; 1           ; 0           ; 0           ; 0           ; 0           ; 1           ;
+-------------+-------------+-------------+-------------+-------------+-------------+-------------+


Encoding Type:  One-Hot
+-------------------------------------------------------+
; State Machine - |c16|wb_op                            ;
+--------------+--------------+-----------+-------------+
; Name         ; wb_op.WB_REG ; wb_op.NOP ; wb_op.WB_PC ;
+--------------+--------------+-----------+-------------+
; wb_op.WB_REG ; 0            ; 0         ; 0           ;
; wb_op.WB_PC  ; 1            ; 0         ; 1           ;
; wb_op.NOP    ; 1            ; 1         ; 0           ;
+--------------+--------------+-----------+-------------+


Encoding Type:  One-Hot
+------------------------------------------------------------------------------+
; State Machine - |c16|x_op                                                    ;
+-----------+-----------+----------+----------+----------+----------+----------+
; Name      ; x_op.SHFT ; x_op.NOP ; x_op.SET ; x_op.MUL ; x_op.SUB ; x_op.ADD ;
+-----------+-----------+----------+----------+----------+----------+----------+
; x_op.ADD  ; 0         ; 0        ; 0        ; 0        ; 0        ; 0        ;
; x_op.SUB  ; 0         ; 0        ; 0        ; 0        ; 1        ; 1        ;
; x_op.MUL  ; 0         ; 0        ; 0        ; 1        ; 0        ; 1        ;
; x_op.SET  ; 0         ; 0        ; 1        ; 0        ; 0        ; 1        ;
; x_op.NOP  ; 0         ; 1        ; 0        ; 0        ; 0        ; 1        ;
; x_op.SHFT ; 1         ; 0        ; 0        ; 0        ; 0        ; 1        ;
+-----------+-----------+----------+----------+----------+----------+----------+


Encoding Type:  One-Hot
+----------------------------------------------------+
; State Machine - |c16|m_op                          ;
+-------------+-------------+----------+-------------+
; Name        ; m_op.MEM_LD ; m_op.NOP ; m_op.MEM_ST ;
+-------------+-------------+----------+-------------+
; m_op.MEM_LD ; 0           ; 0        ; 0           ;
; m_op.MEM_ST ; 1           ; 0        ; 1           ;
; m_op.NOP    ; 1           ; 1        ; 0           ;
+-------------+-------------+----------+-------------+


+----------------------------------------------------------------------------------+
; Registers Removed During Synthesis                                               ;
+-----------------------------------------+----------------------------------------+
; Register name                           ; Reason for Removal                     ;
+-----------------------------------------+----------------------------------------+
; regs[4][0]                              ; Stuck at GND due to stuck port data_in ;
; regs[3][15]                             ; Stuck at GND due to stuck port data_in ;
; regs[3][14]                             ; Stuck at GND due to stuck port data_in ;
; regs[3][13]                             ; Stuck at GND due to stuck port data_in ;
; regs[3][12]                             ; Stuck at GND due to stuck port data_in ;
; regs[3][11]                             ; Stuck at GND due to stuck port data_in ;
; regs[3][10]                             ; Stuck at GND due to stuck port data_in ;
; regs[3][9]                              ; Stuck at GND due to stuck port data_in ;
; regs[3][8]                              ; Stuck at GND due to stuck port data_in ;
; regs[3][7]                              ; Stuck at GND due to stuck port data_in ;
; regs[3][6]                              ; Stuck at GND due to stuck port data_in ;
; regs[3][5]                              ; Stuck at GND due to stuck port data_in ;
; regs[3][4]                              ; Stuck at GND due to stuck port data_in ;
; regs[3][3]                              ; Stuck at GND due to stuck port data_in ;
; regs[3][2]                              ; Stuck at GND due to stuck port data_in ;
; regs[3][1]                              ; Stuck at GND due to stuck port data_in ;
; regs[3][0]                              ; Stuck at GND due to stuck port data_in ;
; regs[2][15]                             ; Stuck at GND due to stuck port data_in ;
; regs[2][14]                             ; Stuck at GND due to stuck port data_in ;
; regs[2][13]                             ; Stuck at GND due to stuck port data_in ;
; regs[2][12]                             ; Stuck at GND due to stuck port data_in ;
; regs[2][11]                             ; Stuck at GND due to stuck port data_in ;
; regs[2][10]                             ; Stuck at GND due to stuck port data_in ;
; regs[2][9]                              ; Stuck at GND due to stuck port data_in ;
; regs[2][8]                              ; Stuck at GND due to stuck port data_in ;
; regs[2][7]                              ; Stuck at GND due to stuck port data_in ;
; regs[2][6]                              ; Stuck at GND due to stuck port data_in ;
; regs[2][5]                              ; Stuck at GND due to stuck port data_in ;
; regs[2][4]                              ; Stuck at GND due to stuck port data_in ;
; regs[2][3]                              ; Stuck at GND due to stuck port data_in ;
; regs[2][2]                              ; Stuck at GND due to stuck port data_in ;
; regs[2][1]                              ; Stuck at GND due to stuck port data_in ;
; regs[2][0]                              ; Stuck at GND due to stuck port data_in ;
; regs[1][15]                             ; Stuck at GND due to stuck port data_in ;
; regs[1][14]                             ; Stuck at GND due to stuck port data_in ;
; regs[1][13]                             ; Stuck at GND due to stuck port data_in ;
; regs[1][12]                             ; Stuck at GND due to stuck port data_in ;
; regs[1][11]                             ; Stuck at GND due to stuck port data_in ;
; regs[1][10]                             ; Stuck at GND due to stuck port data_in ;
; regs[1][9]                              ; Stuck at GND due to stuck port data_in ;
; regs[1][8]                              ; Stuck at GND due to stuck port data_in ;
; regs[1][7]                              ; Stuck at GND due to stuck port data_in ;
; regs[1][6]                              ; Stuck at GND due to stuck port data_in ;
; regs[1][5]                              ; Stuck at GND due to stuck port data_in ;
; regs[1][4]                              ; Stuck at GND due to stuck port data_in ;
; regs[1][3]                              ; Stuck at GND due to stuck port data_in ;
; regs[1][2]                              ; Stuck at GND due to stuck port data_in ;
; regs[1][1]                              ; Stuck at GND due to stuck port data_in ;
; regs[1][0]                              ; Stuck at GND due to stuck port data_in ;
; regs[0][15]                             ; Stuck at GND due to stuck port data_in ;
; regs[0][14]                             ; Stuck at GND due to stuck port data_in ;
; regs[0][13]                             ; Stuck at GND due to stuck port data_in ;
; regs[0][12]                             ; Stuck at GND due to stuck port data_in ;
; regs[0][11]                             ; Stuck at GND due to stuck port data_in ;
; regs[0][10]                             ; Stuck at GND due to stuck port data_in ;
; regs[0][9]                              ; Stuck at GND due to stuck port data_in ;
; regs[0][8]                              ; Stuck at GND due to stuck port data_in ;
; regs[0][7]                              ; Stuck at GND due to stuck port data_in ;
; regs[0][6]                              ; Stuck at GND due to stuck port data_in ;
; regs[0][5]                              ; Stuck at GND due to stuck port data_in ;
; regs[0][4]                              ; Stuck at GND due to stuck port data_in ;
; regs[0][3]                              ; Stuck at GND due to stuck port data_in ;
; regs[0][2]                              ; Stuck at GND due to stuck port data_in ;
; regs[0][1]                              ; Stuck at GND due to stuck port data_in ;
; regs[0][0]                              ; Stuck at GND due to stuck port data_in ;
; pc[0..9]                                ; Stuck at GND due to stuck port data_in ;
; regs[4][1]                              ; Stuck at GND due to stuck port data_in ;
; regs[4][2]                              ; Stuck at GND due to stuck port data_in ;
; regs[4][3]                              ; Stuck at GND due to stuck port data_in ;
; regs[4][4]                              ; Stuck at GND due to stuck port data_in ;
; regs[4][5]                              ; Stuck at GND due to stuck port data_in ;
; regs[4][6]                              ; Stuck at GND due to stuck port data_in ;
; regs[4][7]                              ; Stuck at GND due to stuck port data_in ;
; regs[4][8]                              ; Stuck at GND due to stuck port data_in ;
; regs[4][9]                              ; Stuck at GND due to stuck port data_in ;
; regs[4][10]                             ; Stuck at GND due to stuck port data_in ;
; regs[4][11]                             ; Stuck at GND due to stuck port data_in ;
; regs[4][12]                             ; Stuck at GND due to stuck port data_in ;
; regs[4][13]                             ; Stuck at GND due to stuck port data_in ;
; regs[4][14]                             ; Stuck at GND due to stuck port data_in ;
; regs[4][15]                             ; Stuck at GND due to stuck port data_in ;
; regs[5][0]                              ; Stuck at GND due to stuck port data_in ;
; regs[5][1]                              ; Stuck at GND due to stuck port data_in ;
; regs[5][2]                              ; Stuck at GND due to stuck port data_in ;
; regs[5][3]                              ; Stuck at GND due to stuck port data_in ;
; regs[5][4]                              ; Stuck at GND due to stuck port data_in ;
; regs[5][5]                              ; Stuck at GND due to stuck port data_in ;
; regs[5][6]                              ; Stuck at GND due to stuck port data_in ;
; regs[5][7]                              ; Stuck at GND due to stuck port data_in ;
; regs[5][8]                              ; Stuck at GND due to stuck port data_in ;
; regs[5][9]                              ; Stuck at GND due to stuck port data_in ;
; regs[5][10]                             ; Stuck at GND due to stuck port data_in ;
; regs[5][11]                             ; Stuck at GND due to stuck port data_in ;
; regs[5][12]                             ; Stuck at GND due to stuck port data_in ;
; regs[5][13]                             ; Stuck at GND due to stuck port data_in ;
; regs[5][14]                             ; Stuck at GND due to stuck port data_in ;
; regs[5][15]                             ; Stuck at GND due to stuck port data_in ;
; regs[6][0]                              ; Stuck at GND due to stuck port data_in ;
; regs[6][1]                              ; Stuck at GND due to stuck port data_in ;
; regs[6][2]                              ; Stuck at GND due to stuck port data_in ;
; regs[6][3]                              ; Stuck at GND due to stuck port data_in ;
; regs[6][4]                              ; Stuck at GND due to stuck port data_in ;
; regs[6][5]                              ; Stuck at GND due to stuck port data_in ;
; regs[6][6]                              ; Stuck at GND due to stuck port data_in ;
; regs[6][7]                              ; Stuck at GND due to stuck port data_in ;
; regs[6][8]                              ; Stuck at GND due to stuck port data_in ;
; regs[6][9]                              ; Stuck at GND due to stuck port data_in ;
; regs[6][10]                             ; Stuck at GND due to stuck port data_in ;
; regs[6][11]                             ; Stuck at GND due to stuck port data_in ;
; regs[6][12]                             ; Stuck at GND due to stuck port data_in ;
; regs[6][13]                             ; Stuck at GND due to stuck port data_in ;
; regs[6][14]                             ; Stuck at GND due to stuck port data_in ;
; regs[6][15]                             ; Stuck at GND due to stuck port data_in ;
; regs[7][0]                              ; Stuck at GND due to stuck port data_in ;
; regs[7][1]                              ; Stuck at GND due to stuck port data_in ;
; regs[7][2]                              ; Stuck at GND due to stuck port data_in ;
; regs[7][3]                              ; Stuck at GND due to stuck port data_in ;
; regs[7][4]                              ; Stuck at GND due to stuck port data_in ;
; regs[7][5]                              ; Stuck at GND due to stuck port data_in ;
; regs[7][6]                              ; Stuck at GND due to stuck port data_in ;
; regs[7][7]                              ; Stuck at GND due to stuck port data_in ;
; regs[7][8]                              ; Stuck at GND due to stuck port data_in ;
; regs[7][9]                              ; Stuck at GND due to stuck port data_in ;
; regs[7][10]                             ; Stuck at GND due to stuck port data_in ;
; regs[7][11]                             ; Stuck at GND due to stuck port data_in ;
; regs[7][12]                             ; Stuck at GND due to stuck port data_in ;
; regs[7][13]                             ; Stuck at GND due to stuck port data_in ;
; regs[7][14]                             ; Stuck at GND due to stuck port data_in ;
; regs[7][15]                             ; Stuck at GND due to stuck port data_in ;
; cur_state.X                             ; Lost fanout                            ;
; cur_state.M                             ; Lost fanout                            ;
; cur_state.W                             ; Lost fanout                            ;
; cur_state~2                             ; Lost fanout                            ;
; cur_state~3                             ; Lost fanout                            ;
; cur_state~4                             ; Lost fanout                            ;
; wb_op~4                                 ; Lost fanout                            ;
; wb_op~6                                 ; Lost fanout                            ;
; x_op~8                                  ; Lost fanout                            ;
; x_op~9                                  ; Lost fanout                            ;
; x_op~10                                 ; Lost fanout                            ;
; x_op~11                                 ; Lost fanout                            ;
; m_op~6                                  ; Lost fanout                            ;
; m_op~8                                  ; Lost fanout                            ;
; cur_state.D                             ; Stuck at GND due to stuck port data_in ;
; wb_op.WB_PC                             ; Lost fanout                            ;
; wb_op.NOP                               ; Lost fanout                            ;
; wb_op.WB_REG                            ; Lost fanout                            ;
; x_op.ADD                                ; Lost fanout                            ;
; x_op.SUB                                ; Lost fanout                            ;
; x_op.MUL                                ; Lost fanout                            ;
; x_op.SET                                ; Lost fanout                            ;
; x_op.NOP                                ; Lost fanout                            ;
; x_op.SHFT                               ; Lost fanout                            ;
; m_op.MEM_ST                             ; Lost fanout                            ;
; m_op.NOP                                ; Lost fanout                            ;
; m_op.MEM_LD                             ; Lost fanout                            ;
; Total Number of Removed Registers = 165 ;                                        ;
+-----------------------------------------+----------------------------------------+


+------------------------------------------------------------------------------------+
; Removed Registers Triggering Further Register Optimizations                        ;
+---------------+---------------------------+----------------------------------------+
; Register name ; Reason for Removal        ; Registers Removed due to This Register ;
+---------------+---------------------------+----------------------------------------+
; x_op~8        ; Lost Fanouts              ; x_op.SUB, x_op.SET, x_op.SHFT          ;
; pc[8]         ; Stuck at GND              ; cur_state.D                            ;
;               ; due to stuck port data_in ;                                        ;
; x_op~9        ; Lost Fanouts              ; x_op.MUL                               ;
; x_op~10       ; Lost Fanouts              ; x_op.NOP                               ;
+---------------+---------------------------+----------------------------------------+


+------------------------------------------------------+
; General Register Statistics                          ;
+----------------------------------------------+-------+
; Statistic                                    ; Value ;
+----------------------------------------------+-------+
; Total registers                              ; 18    ;
; Number of registers using Synchronous Clear  ; 0     ;
; Number of registers using Synchronous Load   ; 0     ;
; Number of registers using Asynchronous Clear ; 0     ;
; Number of registers using Asynchronous Load  ; 0     ;
; Number of registers using Clock Enable       ; 16    ;
; Number of registers using Preset             ; 0     ;
+----------------------------------------------+-------+


+--------------------------------------------------------------------------------------------------+
; Source assignments for ram:comb_4|altsyncram:altsyncram_component|altsyncram_2em1:auto_generated ;
+---------------------------------+--------------------+------+------------------------------------+
; Assignment                      ; Value              ; From ; To                                 ;
+---------------------------------+--------------------+------+------------------------------------+
; OPTIMIZE_POWER_DURING_SYNTHESIS ; NORMAL_COMPILATION ; -    ; -                                  ;
+---------------------------------+--------------------+------+------------------------------------+


+---------------------------------------------------------------------+
; Parameter Settings for User Entity Instance: Top-level Entity: |c16 ;
+----------------+-------+--------------------------------------------+
; Parameter Name ; Value ; Type                                       ;
+----------------+-------+--------------------------------------------+
; I              ; 000   ; Unsigned Binary                            ;
; F              ; 001   ; Unsigned Binary                            ;
; D              ; 010   ; Unsigned Binary                            ;
; X              ; 011   ; Unsigned Binary                            ;
; M              ; 100   ; Unsigned Binary                            ;
; W              ; 101   ; Unsigned Binary                            ;
; ADD            ; 0000  ; Unsigned Binary                            ;
; SUB            ; 0001  ; Unsigned Binary                            ;
; MUL            ; 0010  ; Unsigned Binary                            ;
; SET            ; 0011  ; Unsigned Binary                            ;
; NOP            ; 0100  ; Unsigned Binary                            ;
; SHFT           ; 0101  ; Unsigned Binary                            ;
; CMP            ; 0101  ; Unsigned Binary                            ;
; MEM_LD         ; 0000  ; Unsigned Binary                            ;
; MEM_ST         ; 0001  ; Unsigned Binary                            ;
; WB_REG         ; 0000  ; Unsigned Binary                            ;
; WB_PC          ; 0001  ; Unsigned Binary                            ;
+----------------+-------+--------------------------------------------+
Note: In order to hide this table in the UI and the text report file, please set the "Show Parameter Settings in Synthesis Report" option in "Analysis and Synthesis Settings -> More Settings" to "Off".


+-----------------------------------------------------------------------------------------+
; Parameter Settings for User Entity Instance: ram:comb_4|altsyncram:altsyncram_component ;
+------------------------------------+----------------------+-----------------------------+
; Parameter Name                     ; Value                ; Type                        ;
+------------------------------------+----------------------+-----------------------------+
; BYTE_SIZE_BLOCK                    ; 8                    ; Untyped                     ;
; AUTO_CARRY_CHAINS                  ; ON                   ; AUTO_CARRY                  ;
; IGNORE_CARRY_BUFFERS               ; OFF                  ; IGNORE_CARRY                ;
; AUTO_CASCADE_CHAINS                ; ON                   ; AUTO_CASCADE                ;
; IGNORE_CASCADE_BUFFERS             ; OFF                  ; IGNORE_CASCADE              ;
; WIDTH_BYTEENA                      ; 1                    ; Untyped                     ;
; OPERATION_MODE                     ; SINGLE_PORT          ; Untyped                     ;
; WIDTH_A                            ; 16                   ; Signed Integer              ;
; WIDTHAD_A                          ; 10                   ; Signed Integer              ;
; NUMWORDS_A                         ; 1024                 ; Signed Integer              ;
; OUTDATA_REG_A                      ; CLOCK0               ; Untyped                     ;
; ADDRESS_ACLR_A                     ; NONE                 ; Untyped                     ;
; OUTDATA_ACLR_A                     ; NONE                 ; Untyped                     ;
; WRCONTROL_ACLR_A                   ; NONE                 ; Untyped                     ;
; INDATA_ACLR_A                      ; NONE                 ; Untyped                     ;
; BYTEENA_ACLR_A                     ; NONE                 ; Untyped                     ;
; WIDTH_B                            ; 1                    ; Untyped                     ;
; WIDTHAD_B                          ; 1                    ; Untyped                     ;
; NUMWORDS_B                         ; 1                    ; Untyped                     ;
; INDATA_REG_B                       ; CLOCK1               ; Untyped                     ;
; WRCONTROL_WRADDRESS_REG_B          ; CLOCK1               ; Untyped                     ;
; RDCONTROL_REG_B                    ; CLOCK1               ; Untyped                     ;
; ADDRESS_REG_B                      ; CLOCK1               ; Untyped                     ;
; OUTDATA_REG_B                      ; UNREGISTERED         ; Untyped                     ;
; BYTEENA_REG_B                      ; CLOCK1               ; Untyped                     ;
; INDATA_ACLR_B                      ; NONE                 ; Untyped                     ;
; WRCONTROL_ACLR_B                   ; NONE                 ; Untyped                     ;
; ADDRESS_ACLR_B                     ; NONE                 ; Untyped                     ;
; OUTDATA_ACLR_B                     ; NONE                 ; Untyped                     ;
; RDCONTROL_ACLR_B                   ; NONE                 ; Untyped                     ;
; BYTEENA_ACLR_B                     ; NONE                 ; Untyped                     ;
; WIDTH_BYTEENA_A                    ; 1                    ; Signed Integer              ;
; WIDTH_BYTEENA_B                    ; 1                    ; Untyped                     ;
; RAM_BLOCK_TYPE                     ; AUTO                 ; Untyped                     ;
; BYTE_SIZE                          ; 8                    ; Untyped                     ;
; READ_DURING_WRITE_MODE_MIXED_PORTS ; DONT_CARE            ; Untyped                     ;
; READ_DURING_WRITE_MODE_PORT_A      ; DONT_CARE            ; Untyped                     ;
; READ_DURING_WRITE_MODE_PORT_B      ; NEW_DATA_NO_NBE_READ ; Untyped                     ;
; INIT_FILE                          ; mem.mif              ; Untyped                     ;
; INIT_FILE_LAYOUT                   ; PORT_A               ; Untyped                     ;
; MAXIMUM_DEPTH                      ; 0                    ; Untyped                     ;
; CLOCK_ENABLE_INPUT_A               ; BYPASS               ; Untyped                     ;
; CLOCK_ENABLE_INPUT_B               ; NORMAL               ; Untyped                     ;
; CLOCK_ENABLE_OUTPUT_A              ; BYPASS               ; Untyped                     ;
; CLOCK_ENABLE_OUTPUT_B              ; NORMAL               ; Untyped                     ;
; CLOCK_ENABLE_CORE_A                ; USE_INPUT_CLKEN      ; Untyped                     ;
; CLOCK_ENABLE_CORE_B                ; USE_INPUT_CLKEN      ; Untyped                     ;
; ENABLE_ECC                         ; FALSE                ; Untyped                     ;
; ECC_PIPELINE_STAGE_ENABLED         ; FALSE                ; Untyped                     ;
; WIDTH_ECCSTATUS                    ; 3                    ; Untyped                     ;
; DEVICE_FAMILY                      ; Cyclone V            ; Untyped                     ;
; CBXI_PARAMETER                     ; altsyncram_2em1      ; Untyped                     ;
+------------------------------------+----------------------+-----------------------------+
Note: In order to hide this table in the UI and the text report file, please set the "Show Parameter Settings in Synthesis Report" option in "Analysis and Synthesis Settings -> More Settings" to "Off".


+---------------------------------------------------------------------+
; Parameter Settings for User Entity Instance: sign_extend_16:comb_19 ;
+----------------+-------+--------------------------------------------+
; Parameter Name ; Value ; Type                                       ;
+----------------+-------+--------------------------------------------+
; INPUT_WIDTH    ; 5     ; Signed Integer                             ;
+----------------+-------+--------------------------------------------+
Note: In order to hide this table in the UI and the text report file, please set the "Show Parameter Settings in Synthesis Report" option in "Analysis and Synthesis Settings -> More Settings" to "Off".


+---------------------------------------------------------------------+
; Parameter Settings for User Entity Instance: sign_extend_16:comb_20 ;
+----------------+-------+--------------------------------------------+
; Parameter Name ; Value ; Type                                       ;
+----------------+-------+--------------------------------------------+
; INPUT_WIDTH    ; 8     ; Signed Integer                             ;
+----------------+-------+--------------------------------------------+
Note: In order to hide this table in the UI and the text report file, please set the "Show Parameter Settings in Synthesis Report" option in "Analysis and Synthesis Settings -> More Settings" to "Off".


+----------------------------------------------------------------------------------------+
; altsyncram Parameter Settings by Entity Instance                                       ;
+-------------------------------------------+--------------------------------------------+
; Name                                      ; Value                                      ;
+-------------------------------------------+--------------------------------------------+
; Number of entity instances                ; 1                                          ;
; Entity Instance                           ; ram:comb_4|altsyncram:altsyncram_component ;
;     -- OPERATION_MODE                     ; SINGLE_PORT                                ;
;     -- WIDTH_A                            ; 16                                         ;
;     -- NUMWORDS_A                         ; 1024                                       ;
;     -- OUTDATA_REG_A                      ; CLOCK0                                     ;
;     -- WIDTH_B                            ; 1                                          ;
;     -- NUMWORDS_B                         ; 1                                          ;
;     -- ADDRESS_REG_B                      ; CLOCK1                                     ;
;     -- OUTDATA_REG_B                      ; UNREGISTERED                               ;
;     -- RAM_BLOCK_TYPE                     ; AUTO                                       ;
;     -- READ_DURING_WRITE_MODE_MIXED_PORTS ; DONT_CARE                                  ;
+-------------------------------------------+--------------------------------------------+


+----------------------------------------------------------------------------------------------------------------+
; Port Connectivity Checks: "sign_extend_16:comb_20"                                                             ;
+------+--------+----------+-------------------------------------------------------------------------------------+
; Port ; Type   ; Severity ; Details                                                                             ;
+------+--------+----------+-------------------------------------------------------------------------------------+
; OUT  ; Output ; Info     ; Connected to dangling logic. Logic that only feeds a dangling port will be removed. ;
+------+--------+----------+-------------------------------------------------------------------------------------+


+----------------------------------------------------------------------------------------------------------------+
; Port Connectivity Checks: "sign_extend_16:comb_19"                                                             ;
+------+--------+----------+-------------------------------------------------------------------------------------+
; Port ; Type   ; Severity ; Details                                                                             ;
+------+--------+----------+-------------------------------------------------------------------------------------+
; OUT  ; Output ; Info     ; Connected to dangling logic. Logic that only feeds a dangling port will be removed. ;
+------+--------+----------+-------------------------------------------------------------------------------------+


+-----------------------------------------------------------------------------------------------------------------------------------------------------------------------------------------------------------------+
; Port Connectivity Checks: "ram:comb_4"                                                                                                                                                                          ;
+---------+-------+----------+------------------------------------------------------------------------------------------------------------------------------------------------------------------------------------+
; Port    ; Type  ; Severity ; Details                                                                                                                                                                            ;
+---------+-------+----------+------------------------------------------------------------------------------------------------------------------------------------------------------------------------------------+
; address ; Input ; Warning  ; Input port expression (16 bits) is wider than the input port (10 bits) it drives.  The 6 most-significant bit(s) in the expression will be dangling if they have no other fanouts. ;
; data    ; Input ; Info     ; Stuck at GND                                                                                                                                                                       ;
; wren    ; Input ; Info     ; Stuck at GND                                                                                                                                                                       ;
+---------+-------+----------+------------------------------------------------------------------------------------------------------------------------------------------------------------------------------------+


+-------------------------------+
; Elapsed Time Per Partition    ;
+----------------+--------------+
; Partition Name ; Elapsed Time ;
+----------------+--------------+
; Top            ; 00:00:01     ;
+----------------+--------------+


+-------------------------------+
; Analysis & Synthesis Messages ;
+-------------------------------+
Info: *******************************************************************
Info: Running Quartus II 32-bit Analysis & Synthesis
    Info: Version 13.1.0 Build 162 10/23/2013 SJ Web Edition
    Info: Processing started: Sun Sep 28 14:20:30 2014
Info: Command: quartus_map --read_settings_files=on --write_settings_files=off c16 -c c16
Warning (20028): Parallel compilation is not licensed and has been disabled
Info (12021): Found 1 design units, including 1 entities, in source file ram.v
    Info (12023): Found entity 1: ram
Warning (12125): Using design file c16.v, which is not specified as a design file for the current project, but contains definitions for 3 design units and 3 entities in project
    Info (12023): Found entity 1: c16
    Info (12023): Found entity 2: display
    Info (12023): Found entity 3: sign_extend_16
Critical Warning (10846): Verilog HDL Instantiation warning at c16.v(106): instance has no name
Critical Warning (10846): Verilog HDL Instantiation warning at c16.v(127): instance has no name
Critical Warning (10846): Verilog HDL Instantiation warning at c16.v(128): instance has no name
Critical Warning (10846): Verilog HDL Instantiation warning at c16.v(334): instance has no name
Critical Warning (10846): Verilog HDL Instantiation warning at c16.v(335): instance has no name
Critical Warning (10846): Verilog HDL Instantiation warning at c16.v(336): instance has no name
Critical Warning (10846): Verilog HDL Instantiation warning at c16.v(337): instance has no name
Info (12127): Elaborating entity "c16" for the top level hierarchy
Warning (10036): Verilog HDL or VHDL warning at c16.v(136): object "xv_0" assigned a value but never read
Warning (10036): Verilog HDL or VHDL warning at c16.v(137): object "xv_1" assigned a value but never read
Warning (10036): Verilog HDL or VHDL warning at c16.v(143): object "nextpc" assigned a value but never read
Warning (10230): Verilog HDL assignment warning at c16.v(149): truncated value with size 32 to match size of target (16)
Warning (10270): Verilog HDL Case Statement warning at c16.v(160): incomplete case statement has no default case item
Warning (10240): Verilog HDL Always Construct warning at c16.v(147): inferring latch(es) for variable "mem_addr", which holds its previous value in one or more paths through the always construct
Warning (10240): Verilog HDL Always Construct warning at c16.v(147): inferring latch(es) for variable "next_x_op", which holds its previous value in one or more paths through the always construct
Warning (10240): Verilog HDL Always Construct warning at c16.v(147): inferring latch(es) for variable "next_m_op", which holds its previous value in one or more paths through the always construct
Warning (10240): Verilog HDL Always Construct warning at c16.v(147): inferring latch(es) for variable "next_xv_0", which holds its previous value in one or more paths through the always construct
Warning (10240): Verilog HDL Always Construct warning at c16.v(147): inferring latch(es) for variable "next_xv_1", which holds its previous value in one or more paths through the always construct
Warning (10034): Output port "LEDG[7..6]" at c16.v(59) has no driver
Info (10041): Inferred latch for "next_m_op.NOP" at c16.v(147)
Info (10041): Inferred latch for "next_m_op.MEM_ST" at c16.v(147)
Info (10041): Inferred latch for "next_m_op.MEM_LD" at c16.v(147)
Info (10041): Inferred latch for "next_x_op.SET" at c16.v(147)
Info (10041): Inferred latch for "next_x_op.ADD" at c16.v(147)
Info (10041): Inferred latch for "mem_addr[0]" at c16.v(147)
Info (10041): Inferred latch for "mem_addr[1]" at c16.v(147)
Info (10041): Inferred latch for "mem_addr[2]" at c16.v(147)
Info (10041): Inferred latch for "mem_addr[3]" at c16.v(147)
Info (10041): Inferred latch for "mem_addr[4]" at c16.v(147)
Info (10041): Inferred latch for "mem_addr[5]" at c16.v(147)
Info (10041): Inferred latch for "mem_addr[6]" at c16.v(147)
Info (10041): Inferred latch for "mem_addr[7]" at c16.v(147)
Info (10041): Inferred latch for "mem_addr[8]" at c16.v(147)
Info (10041): Inferred latch for "mem_addr[9]" at c16.v(147)
Info (10041): Inferred latch for "mem_addr[10]" at c16.v(147)
Info (10041): Inferred latch for "mem_addr[11]" at c16.v(147)
Info (10041): Inferred latch for "mem_addr[12]" at c16.v(147)
Info (10041): Inferred latch for "mem_addr[13]" at c16.v(147)
Info (10041): Inferred latch for "mem_addr[14]" at c16.v(147)
Info (10041): Inferred latch for "mem_addr[15]" at c16.v(147)
Info (12128): Elaborating entity "ram" for hierarchy "ram:comb_4"
Info (12128): Elaborating entity "altsyncram" for hierarchy "ram:comb_4|altsyncram:altsyncram_component"
Info (12130): Elaborated megafunction instantiation "ram:comb_4|altsyncram:altsyncram_component"
Info (12133): Instantiated megafunction "ram:comb_4|altsyncram:altsyncram_component" with the following parameter:
    Info (12134): Parameter "clock_enable_input_a" = "BYPASS"
    Info (12134): Parameter "clock_enable_output_a" = "BYPASS"
    Info (12134): Parameter "init_file" = "mem.mif"
    Info (12134): Parameter "intended_device_family" = "Cyclone V"
    Info (12134): Parameter "lpm_hint" = "ENABLE_RUNTIME_MOD=NO"
    Info (12134): Parameter "lpm_type" = "altsyncram"
    Info (12134): Parameter "numwords_a" = "1024"
    Info (12134): Parameter "operation_mode" = "SINGLE_PORT"
    Info (12134): Parameter "outdata_aclr_a" = "NONE"
    Info (12134): Parameter "outdata_reg_a" = "CLOCK0"
    Info (12134): Parameter "power_up_uninitialized" = "FALSE"
    Info (12134): Parameter "read_during_write_mode_port_a" = "DONT_CARE"
    Info (12134): Parameter "widthad_a" = "10"
    Info (12134): Parameter "width_a" = "16"
    Info (12134): Parameter "width_byteena_a" = "1"
Info (12021): Found 1 design units, including 1 entities, in source file db/altsyncram_2em1.tdf
    Info (12023): Found entity 1: altsyncram_2em1
Info (12128): Elaborating entity "altsyncram_2em1" for hierarchy "ram:comb_4|altsyncram:altsyncram_component|altsyncram_2em1:auto_generated"
Critical Warning (127005): Memory depth (1024) in the design file differs from memory depth (15) in the Memory Initialization File "C:/Users/labuser/Desktop/350p2-master/350p2-master/mem.mif" -- setting initial value for remaining addresses to 0
Info (12128): Elaborating entity "sign_extend_16" for hierarchy "sign_extend_16:comb_19"
Info (12128): Elaborating entity "sign_extend_16" for hierarchy "sign_extend_16:comb_20"
Info (12128): Elaborating entity "display" for hierarchy "display:comb_477"
Warning (12241): 1 hierarchies have connectivity warnings - see the Connectivity Checks report folder
Warning (13024): Output pins are stuck at VCC or GND
    Warning (13410): Pin "LEDG[2]" is stuck at GND
    Warning (13410): Pin "LEDG[3]" is stuck at GND
    Warning (13410): Pin "LEDG[4]" is stuck at GND
    Warning (13410): Pin "LEDG[5]" is stuck at GND
    Warning (13410): Pin "LEDG[6]" is stuck at GND
    Warning (13410): Pin "LEDG[7]" is stuck at GND
    Warning (13410): Pin "LEDR[0]" is stuck at GND
    Warning (13410): Pin "LEDR[1]" is stuck at GND
    Warning (13410): Pin "LEDR[2]" is stuck at GND
    Warning (13410): Pin "LEDR[3]" is stuck at GND
    Warning (13410): Pin "LEDR[4]" is stuck at GND
    Warning (13410): Pin "LEDR[5]" is stuck at GND
    Warning (13410): Pin "LEDR[6]" is stuck at GND
    Warning (13410): Pin "LEDR[7]" is stuck at GND
    Warning (13410): Pin "LEDR[8]" is stuck at GND
    Warning (13410): Pin "LEDR[9]" is stuck at GND
Info (286030): Timing-Driven Synthesis is running
Info (17049): 26 registers lost all their fanouts during netlist optimizations.
Info (17036): Removed 9 MSB VCC or GND address nodes from RAM block "ram:comb_4|altsyncram:altsyncram_component|altsyncram_2em1:auto_generated|ALTSYNCRAM"
Info (16010): Generating hard_block partition "hard_block:auto_generated_inst"
    Info (16011): Adding 0 node(s), including 0 DDIO, 0 PLL, 0 transceiver and 0 LCELL
Warning (21074): Design contains 13 input pin(s) that do not drive logic
    Warning (15610): No output dependent on input pin "CPU_RESET_n"
    Warning (15610): No output dependent on input pin "KEY[1]"
    Warning (15610): No output dependent on input pin "KEY[2]"
    Warning (15610): No output dependent on input pin "KEY[3]"
    Warning (15610): No output dependent on input pin "SW[0]"
    Warning (15610): No output dependent on input pin "SW[1]"
    Warning (15610): No output dependent on input pin "SW[2]"
    Warning (15610): No output dependent on input pin "SW[4]"
    Warning (15610): No output dependent on input pin "SW[5]"
    Warning (15610): No output dependent on input pin "SW[6]"
    Warning (15610): No output dependent on input pin "SW[7]"
    Warning (15610): No output dependent on input pin "SW[8]"
    Warning (15610): No output dependent on input pin "SW[9]"
Info (21057): Implemented 140 device resources after synthesis - the final resource count might be different
    Info (21058): Implemented 15 input pins
    Info (21059): Implemented 46 output pins
    Info (21061): Implemented 63 logic cells
    Info (21064): Implemented 16 RAM segments
Info: Quartus II 32-bit Analysis & Synthesis was successful. 0 errors, 53 warnings
    Info: Peak virtual memory: 398 megabytes
    Info: Processing ended: Sun Sep 28 14:20:34 2014
    Info: Elapsed time: 00:00:04
    Info: Total CPU time (on all processors): 00:00:02


