Flow report for c16
Sun Sep 28 14:21:49 2014
Quartus II 32-bit Version 13.1.0 Build 162 10/23/2013 SJ Web Edition


---------------------
; Table of Contents ;
---------------------
  1. Legal Notice
  2. Flow Summary
  3. Flow Settings
  4. Flow Non-Default Global Settings
  5. Flow Elapsed Time
  6. Flow OS Summary
  7. Flow Log
  8. Flow Messages
  9. Flow Suppressed Messages



----------------
; Legal Notice ;
----------------
Copyright (C) 1991-2013 Altera Corporation
Your use of Altera Corporation's design tools, logic functions 
and other software and tools, and its AMPP partner logic 
functions, and any output files from any of the foregoing 
(including device programming or simulation files), and any 
associated documentation or information are expressly subject 
to the terms and conditions of the Altera Program License 
Subscription Agreement, Altera MegaCore Function License 
Agreement, or other applicable license agreement, including, 
without limitation, that your use is for the sole purpose of 
programming logic devices manufactured by Altera and sold by 
Altera or its authorized distributors.  Please refer to the 
applicable agreement for further details.



+------------------------------------------------------------------------------+
; Flow Summary                                                                 ;
+---------------------------------+--------------------------------------------+
; Flow Status                     ; Successful - Sun Sep 28 14:21:39 2014      ;
; Quartus II 32-bit Version       ; 13.1.0 Build 162 10/23/2013 SJ Web Edition ;
; Revision Name                   ; c16                                        ;
; Top-level Entity Name           ; c16                                        ;
; Family                          ; Cyclone V                                  ;
; Device                          ; 5CGXFC5C6F27C7                             ;
; Timing Models                   ; Final                                      ;
; Logic utilization (in ALMs)     ; 23 / 29,080 ( < 1 % )                      ;
; Total registers                 ; 18                                         ;
; Total pins                      ; 61 / 364 ( 17 % )                          ;
; Total virtual pins              ; 0                                          ;
; Total block memory bits         ; 32 / 4,567,040 ( < 1 % )                   ;
; Total DSP Blocks                ; 0 / 150 ( 0 % )                            ;
; Total HSSI RX PCSs              ; 0 / 6 ( 0 % )                              ;
; Total HSSI PMA RX Deserializers ; 0 / 6 ( 0 % )                              ;
; Total HSSI TX PCSs              ; 0 / 6 ( 0 % )                              ;
; Total HSSI TX Channels          ; 0 / 6 ( 0 % )                              ;
; Total PLLs                      ; 0 / 12 ( 0 % )                             ;
; Total DLLs                      ; 0 / 4 ( 0 % )                              ;
+---------------------------------+--------------------------------------------+


+-----------------------------------------+
; Flow Settings                           ;
+-------------------+---------------------+
; Option            ; Setting             ;
+-------------------+---------------------+
; Start date & time ; 09/28/2014 14:20:30 ;
; Main task         ; Compilation         ;
; Revision Name     ; c16                 ;
+-------------------+---------------------+


+------------------------------------------------------------------------------------------------------------------+
; Flow Non-Default Global Settings                                                                                 ;
+-------------------------------------+---------------------------------+---------------+-------------+------------+
; Assignment Name                     ; Value                           ; Default Value ; Entity Name ; Section Id ;
+-------------------------------------+---------------------------------+---------------+-------------+------------+
; COMPILER_SIGNATURE_ID               ; 159090361055134.141193203003244 ; --            ; --          ; --         ;
; IP_TOOL_NAME                        ; RAM: 1-PORT                     ; --            ; --          ; --         ;
; IP_TOOL_VERSION                     ; 13.1                            ; --            ; --          ; --         ;
; MISC_FILE                           ; ram_bb.v                        ; --            ; --          ; --         ;
; PARTITION_COLOR                     ; 16764057                        ; --            ; --          ; Top        ;
; PARTITION_FITTER_PRESERVATION_LEVEL ; PLACEMENT_AND_ROUTING           ; --            ; --          ; Top        ;
; PARTITION_NETLIST_TYPE              ; SOURCE                          ; --            ; --          ; Top        ;
+-------------------------------------+---------------------------------+---------------+-------------+------------+


+-------------------------------------------------------------------------------------------------------------------------------+
; Flow Elapsed Time                                                                                                             ;
+---------------------------+--------------+-------------------------+---------------------+------------------------------------+
; Module Name               ; Elapsed Time ; Average Processors Used ; Peak Virtual Memory ; Total CPU Time (on all processors) ;
+---------------------------+--------------+-------------------------+---------------------+------------------------------------+
; Analysis & Synthesis      ; 00:00:03     ; 1.0                     ; 389 MB              ; 00:00:02                           ;
; Fitter                    ; 00:00:51     ; 1.0                     ; 974 MB              ; 00:00:46                           ;
; Assembler                 ; 00:00:10     ; 1.0                     ; 463 MB              ; 00:00:09                           ;
; TimeQuest Timing Analyzer ; 00:00:09     ; 1.0                     ; 581 MB              ; 00:00:08                           ;
; Total                     ; 00:01:13     ; --                      ; --                  ; 00:01:05                           ;
+---------------------------+--------------+-------------------------+---------------------+------------------------------------+


+----------------------------------------------------------------------------------------+
; Flow OS Summary                                                                        ;
+---------------------------+------------------+-----------+------------+----------------+
; Module Name               ; Machine Hostname ; OS Name   ; OS Version ; Processor type ;
+---------------------------+------------------+-----------+------------+----------------+
; Analysis & Synthesis      ; apple            ; Windows 7 ; 6.1        ; i686           ;
; Fitter                    ; apple            ; Windows 7 ; 6.1        ; i686           ;
; Assembler                 ; apple            ; Windows 7 ; 6.1        ; i686           ;
; TimeQuest Timing Analyzer ; apple            ; Windows 7 ; 6.1        ; i686           ;
+---------------------------+------------------+-----------+------------+----------------+


------------
; Flow Log ;
------------
quartus_map --read_settings_files=on --write_settings_files=off c16 -c c16
quartus_fit --read_settings_files=off --write_settings_files=off c16 -c c16
quartus_asm --read_settings_files=off --write_settings_files=off c16 -c c16
quartus_sta c16 -c c16



